<?xml version="1.0" encoding="UTF-8"?>
<testsuite xmlns:xsi="http://www.w3.org/2001/XMLSchema-instance" xsi:noNamespaceSchemaLocation="https://maven.apache.org/surefire/maven-surefire-plugin/xsd/surefire-test-report-3.0.xsd" version="3.0" name="com.example.multimoduleapplication.MultiModuleApplicationTests" time="2.693" tests="1" errors="0" skipped="0" failures="0">
  <properties>
[...]
</properties>
  <testcase name="contextLoads" classname="com.example.multimoduleapplication.MultiModuleApplicationTests" time="0.677">
    <system-out><![CDATA[18:36:25.956 [main] INFO org.springframework.test.context.support.AnnotationConfigContextLoaderUtils -- Could not detect default configuration classes for test class [com.example.multimoduleapplication.MultiModuleApplicationTests]: MultiModuleApplicationTests does not declare any static, non-private, non-final, nested classes annotated with @Configuration.
18:36:26.038 [main] INFO org.springframework.boot.test.context.SpringBootTestContextBootstrapper -- Found @SpringBootConfiguration com.example.multimoduleapplication.MultiModuleApplication for test class com.example.multimoduleapplication.MultiModuleApplicationTests
  .   ____          _            __ _ _
 /\\ / ___'_ __ _ _(_)_ __  __ _ \ \ \ \
( ( )\___ | '_ | '_| | '_ \/ _` | \ \ \ \
 \\/  ___)| |_)| | | | | || (_| |  ) ) ) )
  '  |____| .__|_| |_|_| |_\__, | / / / /
 =========|_|==============|___/=/_/_/_/

 :: Spring Boot ::                (v3.3.0)

2024-10-26T18:36:26.376+02:00  INFO 9976 --- [           main] c.e.m.MultiModuleApplicationTests        : Starting MultiModuleApplicationTests using Java 21.0.3 with PID 9976 (started by axele in C:\dev\repos\datalinks-backend\web-layer)
2024-10-26T18:36:26.377+02:00  INFO 9976 --- [           main] c.e.m.MultiModuleApplicationTests        : No active profile set, falling back to 1 default profile: "default"
2024-10-26T18:36:27.703+02:00  INFO 9976 --- [           main] o.s.b.a.e.web.EndpointLinksResolver      : Exposing 1 endpoint beneath base path '/actuator'
2024-10-26T18:36:27.752+02:00  INFO 9976 --- [           main] c.e.m.MultiModuleApplicationTests        : Started MultiModuleApplicationTests in 1.593 seconds (process running for 2.338)
]]></system-out>
    <system-err><![CDATA[WARNING: A Java agent has been loaded dynamically (C:\Users\axele\.m2\repository\net\bytebuddy\byte-buddy-agent\1.14.12\byte-buddy-agent-1.14.12.jar)
WARNING: If a serviceability tool is in use, please run with -XX:+EnableDynamicAgentLoading to hide this warning
WARNING: If a serviceability tool is not in use, please run with -Djdk.instrument.traceUsage for more information
WARNING: Dynamic loading of agents will be disallowed by default in a future release
]]></system-err>
  </testcase>
</testsuite>